<?xml version="1.0" encoding="UTF-8"?>
<!-- Generated by org.testng.reporters.JUnitReportReporter -->
<testsuite hostname="DESKTOP-5QH6F0R" failures="0" tests="1" name="com.inetbanking.testCases.TC_AddCustomerTest_003" time="21.153" errors="0" timestamp="03 Aug 2023 12:01:23 GMT" skipped="0">
  <testcase classname="com.inetbanking.testCases.TC_AddCustomerTest_003" name="addnewcustomer" time="21.153"/>
</testsuite> <!-- com.inetbanking.testCases.TC_AddCustomerTest_003 -->
