<?xml version="1.0" encoding="UTF-8"?>
<!-- Generated by org.testng.reporters.JUnitReportReporter -->
<testsuite hostname="DESKTOP-5QH6F0R" failures="0" tests="1" name="com.inetbanking.testCases.TC_loginTest_001" time="0.769" errors="0" timestamp="02 Aug 2023 18:25:29 GMT" skipped="0">
  <testcase classname="com.inetbanking.testCases.TC_loginTest_001" name="loginTest" time="0.769"/>
</testsuite> <!-- com.inetbanking.testCases.TC_loginTest_001 -->
